[2023-05-30 17:08:47.387] [2023-05-30 17:08:47.387]  [2023-05-30 17:08:47.388] log4j:ERROR A "org.apache.log4j.ConsoleAppender" object is not assignable to a "org.apache.log4j.Appender" variable.
[2023-05-30 17:08:47.388] [2023-05-30 17:08:47.388]  [2023-05-30 17:08:47.388] log4j:ERROR The class "org.apache.log4j.Appender" was loaded by 
[2023-05-30 17:08:47.388] [2023-05-30 17:08:47.388]  [2023-05-30 17:08:47.388] log4j:ERROR [java.net.URLClassLoader@59f06316] whereas object of type 
[2023-05-30 17:08:47.388] [2023-05-30 17:08:47.388]  [2023-05-30 17:08:47.388] log4j:ERROR "org.apache.log4j.ConsoleAppender" was loaded by [WebAppClassLoader{663642096}@278e5ff0].
[2023-05-30 17:08:47.388] [2023-05-30 17:08:47.388]  [2023-05-30 17:08:47.389] log4j:ERROR Could not instantiate appender named "console".
[2023-05-30 17:08:47.391] [2023-05-30 17:08:47.391]  [2023-05-30 17:08:47.391] log4j:WARN No appenders could be found for logger (com.temenos.commons.logging.LoggerFactory).
[2023-05-30 17:08:47.391] [2023-05-30 17:08:47.391]  [2023-05-30 17:08:47.391] log4j:WARN Please initialize the log4j system properly.
[2023-05-30 18:39:58.802] May 30, 2023 6:39:58 PM net.sf.jmimemagic.MagicParser endElement
INFO: endElement(): not adding invalid matcher '320 kBits'
[2023-05-30 18:39:58.803] May 30, 2023 6:39:58 PM net.sf.jmimemagic.MagicParser endElement
INFO: endElement(): not adding invalid matcher '384 kBits'
[2023-05-30 18:39:58.804] May 30, 2023 6:39:58 PM net.sf.jmimemagic.MagicParser endElement
INFO: endElement(): not adding invalid matcher '\b3'
[2023-05-30 18:39:58.804] May 30, 2023 6:39:58 PM net.sf.jmimemagic.MagicParser endElement
INFO: endElement(): not adding invalid matcher '\b2'
[2023-05-30 18:39:58.805] May 30, 2023 6:39:58 PM net.sf.jmimemagic.MagicParser endElement
INFO: endElement(): not adding invalid matcher 'Mono'
[2023-05-30 18:39:58.805] May 30, 2023 6:39:58 PM net.sf.jmimemagic.MagicParser endElement
INFO: endElement(): not adding invalid matcher '- %d frames,'
[2023-05-30 18:39:58.805] May 30, 2023 6:39:58 PM net.sf.jmimemagic.MagicParser endElement
INFO: endElement(): not adding invalid matcher 'width=%d pixels,'
[2023-05-30 18:39:58.805] May 30, 2023 6:39:58 PM net.sf.jmimemagic.MagicParser endElement
INFO: endElement(): not adding invalid matcher 'height=%d pixels,'
[2023-05-30 18:39:58.806] May 30, 2023 6:39:58 PM net.sf.jmimemagic.MagicParser endElement
INFO: endElement(): not adding invalid matcher 'depth=%d,'
[2023-05-30 18:39:58.806] May 30, 2023 6:39:58 PM net.sf.jmimemagic.MagicParser endElement
INFO: endElement(): not adding invalid matcher 'ticks/frame=%d'
[2023-05-30 18:39:58.806] May 30, 2023 6:39:58 PM net.sf.jmimemagic.MagicParser endElement
INFO: endElement(): not adding invalid matcher '- %d frames'
[2023-05-30 18:39:58.806] May 30, 2023 6:39:58 PM net.sf.jmimemagic.MagicParser endElement
INFO: endElement(): not adding invalid matcher 'width=%d pixels,'
[2023-05-30 18:39:58.807] May 30, 2023 6:39:58 PM net.sf.jmimemagic.MagicParser endElement
INFO: endElement(): not adding invalid matcher 'height=%d pixels,'
[2023-05-30 18:39:58.807] May 30, 2023 6:39:58 PM net.sf.jmimemagic.MagicParser endElement
INFO: endElement(): not adding invalid matcher 'depth=%d,'
[2023-05-30 18:39:58.807] May 30, 2023 6:39:58 PM net.sf.jmimemagic.MagicParser endElement
INFO: endElement(): not adding invalid matcher 'ticks/frame=%d'
[2023-05-30 18:39:58.808] May 30, 2023 6:39:58 PM net.sf.jmimemagic.MagicParser endElement
INFO: endElement(): not adding invalid matcher ''
[2023-05-30 18:39:58.809] May 30, 2023 6:39:58 PM net.sf.jmimemagic.MagicParser endElement
INFO: endElement(): not adding invalid matcher 'version %d'
[2023-05-30 18:39:58.809] May 30, 2023 6:39:58 PM net.sf.jmimemagic.MagicParser endElement
INFO: endElement(): not adding invalid matcher '\b.%d,'
[2023-05-30 18:39:58.809] May 30, 2023 6:39:58 PM net.sf.jmimemagic.MagicParser endElement
INFO: endElement(): not adding invalid matcher '%d instruments'
[2023-05-30 18:39:58.810] May 30, 2023 6:39:58 PM net.sf.jmimemagic.MagicParser endElement
INFO: endElement(): not adding invalid matcher '%d bits'
[2023-05-30 18:39:58.810] May 30, 2023 6:39:58 PM net.sf.jmimemagic.MagicParser endElement
INFO: endElement(): not adding invalid matcher 'ASCII,'
[2023-05-30 18:39:58.811] May 30, 2023 6:39:58 PM net.sf.jmimemagic.MagicParser endElement
INFO: endElement(): not adding invalid matcher 'continuation,'
[2023-05-30 18:39:58.811] May 30, 2023 6:39:58 PM net.sf.jmimemagic.MagicParser endElement
INFO: endElement(): not adding invalid matcher 'extra field,'
[2023-05-30 18:39:58.812] May 30, 2023 6:39:58 PM net.sf.jmimemagic.MagicParser endElement
INFO: endElement(): not adding invalid matcher 'original filename,'
[2023-05-30 18:39:58.812] May 30, 2023 6:39:58 PM net.sf.jmimemagic.MagicParser endElement
INFO: endElement(): not adding invalid matcher 'comment,'
[2023-05-30 18:39:58.813] May 30, 2023 6:39:58 PM net.sf.jmimemagic.MagicParser endElement
INFO: endElement(): not adding invalid matcher 'encrypted,'
[2023-05-30 18:39:58.813] May 30, 2023 6:39:58 PM net.sf.jmimemagic.MagicParser endElement
INFO: endElement(): not adding invalid matcher 'last modified: %s,'
[2023-05-30 18:39:58.814] May 30, 2023 6:39:58 PM net.sf.jmimemagic.MagicParser endElement
INFO: endElement(): not adding invalid matcher 'version %d'
[2023-05-30 18:39:58.814] May 30, 2023 6:39:58 PM net.sf.jmimemagic.MagicParser endElement
INFO: endElement(): not adding invalid matcher '%c)'
[2023-05-30 18:39:58.815] May 30, 2023 6:39:58 PM net.sf.jmimemagic.MagicParser endElement
INFO: endElement(): not adding invalid matcher '%c)'
[2023-05-30 18:39:58.816] May 30, 2023 6:39:58 PM net.sf.jmimemagic.MagicParser endElement
INFO: endElement(): not adding invalid matcher '%ld x'
[2023-05-30 18:39:58.816] May 30, 2023 6:39:58 PM net.sf.jmimemagic.MagicParser endElement
INFO: endElement(): not adding invalid matcher '%ld,'
[2023-05-30 18:39:58.816] May 30, 2023 6:39:58 PM net.sf.jmimemagic.MagicParser endElement
INFO: endElement(): not adding invalid matcher '%s'
[2023-05-30 18:39:58.816] May 30, 2023 6:39:58 PM net.sf.jmimemagic.MagicParser endElement
INFO: endElement(): not adding invalid matcher '%ld x'
[2023-05-30 18:39:58.817] May 30, 2023 6:39:58 PM net.sf.jmimemagic.MagicParser endElement
INFO: endElement(): not adding invalid matcher '%ld,'
[2023-05-30 18:39:58.817] May 30, 2023 6:39:58 PM net.sf.jmimemagic.MagicParser endElement
INFO: endElement(): not adding invalid matcher '%d-bit'
[2023-05-30 18:39:58.817] May 30, 2023 6:39:58 PM net.sf.jmimemagic.MagicParser endElement
INFO: endElement(): not adding invalid matcher 'interlaced'
[2023-05-30 18:39:58.818] May 30, 2023 6:39:58 PM net.sf.jmimemagic.MagicParser endElement
INFO: endElement(): not adding invalid matcher 'version %.3s'
[2023-05-30 18:39:58.818] May 30, 2023 6:39:58 PM net.sf.jmimemagic.MagicParser endElement
INFO: endElement(): not adding invalid matcher ': %s'
[2023-05-30 18:39:58.818] May 30, 2023 6:39:58 PM net.sf.jmimemagic.MagicParser endElement
INFO: endElement(): not adding invalid matcher ': %s'
[2023-05-30 18:39:58.818] May 30, 2023 6:39:58 PM net.sf.jmimemagic.MagicParser endElement
INFO: endElement(): not adding invalid matcher ': %s'
[2023-05-30 18:39:58.819] May 30, 2023 6:39:58 PM net.sf.jmimemagic.MagicParser endElement
INFO: endElement(): not adding invalid matcher ': %s'
[2023-05-30 18:39:58.819] May 30, 2023 6:39:58 PM net.sf.jmimemagic.MagicParser endElement
INFO: endElement(): not adding invalid matcher ': %s'
[2023-05-30 18:39:58.819] May 30, 2023 6:39:58 PM net.sf.jmimemagic.MagicParser endElement
INFO: endElement(): not adding invalid matcher ': %s'
[2023-05-30 18:39:58.819] May 30, 2023 6:39:58 PM net.sf.jmimemagic.MagicParser endElement
INFO: endElement(): not adding invalid matcher ': %s'
[2023-05-30 18:39:58.820] May 30, 2023 6:39:58 PM net.sf.jmimemagic.MagicParser endElement
INFO: endElement(): not adding invalid matcher ': %s'
[2023-05-30 18:39:58.820] May 30, 2023 6:39:58 PM net.sf.jmimemagic.MagicParser endElement
INFO: endElement(): not adding invalid matcher '%s'
[2023-05-30 18:39:58.820] May 30, 2023 6:39:58 PM net.sf.jmimemagic.MagicParser endElement
INFO: endElement(): not adding invalid matcher '%s'
[2023-05-30 18:39:58.821] May 30, 2023 6:39:58 PM net.sf.jmimemagic.MagicParser endElement
INFO: endElement(): not adding invalid matcher 'POSIX'
[2023-05-30 18:39:58.822] May 30, 2023 6:39:58 PM net.sf.jmimemagic.MagicParser endElement
INFO: endElement(): not adding invalid matcher 'version %c'
[2023-05-30 18:39:58.822] May 30, 2023 6:39:58 PM net.sf.jmimemagic.MagicParser endElement
INFO: endElement(): not adding invalid matcher '\b.%c'
[2023-05-30 18:39:58.822] May 30, 2023 6:39:58 PM net.sf.jmimemagic.MagicParser endElement
INFO: endElement(): not adding invalid matcher 'length %d'
[2023-05-30 18:39:58.822] May 30, 2023 6:39:58 PM net.sf.jmimemagic.MagicParser endElement
INFO: endElement(): not adding invalid matcher 'length %d'
[2023-05-30 18:39:58.822] May 30, 2023 6:39:58 PM net.sf.jmimemagic.MagicParser endElement
INFO: endElement(): not adding invalid matcher 'length %d'
[2023-05-30 18:39:58.823] May 30, 2023 6:39:58 PM net.sf.jmimemagic.MagicParser endElement
INFO: endElement(): not adding invalid matcher 'length %d'
[2023-05-30 18:39:58.823] May 30, 2023 6:39:58 PM net.sf.jmimemagic.MagicParser endElement
INFO: endElement(): not adding invalid matcher 'length %d'
[2023-05-30 18:39:58.823] May 30, 2023 6:39:58 PM net.sf.jmimemagic.MagicParser endElement
INFO: endElement(): not adding invalid matcher 'length %d'
[2023-05-30 18:39:58.823] May 30, 2023 6:39:58 PM net.sf.jmimemagic.MagicParser endElement
INFO: endElement(): not adding invalid matcher 've'
[2023-05-30 18:39:58.823] May 30, 2023 6:39:58 PM net.sf.jmimemagic.MagicParser endElement
INFO: endElement(): not adding invalid matcher 'version %d'
[2023-05-30 18:39:58.824] May 30, 2023 6:39:58 PM net.sf.jmimemagic.MagicParser endElement
INFO: endElement(): not adding invalid matcher '%d entries'
[2023-05-30 18:39:58.824] May 30, 2023 6:39:58 PM net.sf.jmimemagic.MagicParser endElement
INFO: endElement(): not adding invalid matcher '%d x'
[2023-05-30 18:39:58.824] May 30, 2023 6:39:58 PM net.sf.jmimemagic.MagicParser endElement
INFO: endElement(): not adding invalid matcher '%d'
[2023-05-30 18:39:58.824] May 30, 2023 6:39:58 PM net.sf.jmimemagic.MagicParser endElement
INFO: endElement(): not adding invalid matcher '%d x'
[2023-05-30 18:39:58.824] May 30, 2023 6:39:58 PM net.sf.jmimemagic.MagicParser endElement
INFO: endElement(): not adding invalid matcher '%d'
[2023-05-30 18:39:58.824] May 30, 2023 6:39:58 PM net.sf.jmimemagic.MagicParser endElement
INFO: endElement(): not adding invalid matcher '%d x'
[2023-05-30 18:39:58.825] May 30, 2023 6:39:58 PM net.sf.jmimemagic.MagicParser endElement
INFO: endElement(): not adding invalid matcher '%d x'
[2023-05-30 18:39:58.825] May 30, 2023 6:39:58 PM net.sf.jmimemagic.MagicParser endElement
INFO: endElement(): not adding invalid matcher '%d'
[2023-05-30 18:39:58.825] May 30, 2023 6:39:58 PM net.sf.jmimemagic.MagicParser endElement
INFO: endElement(): not adding invalid matcher '%d'
[2023-05-30 18:39:58.825] May 30, 2023 6:39:58 PM net.sf.jmimemagic.MagicParser endElement
INFO: endElement(): not adding invalid matcher 'version %d'
[2023-05-30 18:39:58.826] May 30, 2023 6:39:58 PM net.sf.jmimemagic.MagicParser endElement
INFO: endElement(): not adding invalid matcher '%d entries'
[2023-05-30 18:39:58.826] May 30, 2023 6:39:58 PM net.sf.jmimemagic.MagicParser endElement
INFO: endElement(): not adding invalid matcher '%d x'
[2023-05-30 18:39:58.826] May 30, 2023 6:39:58 PM net.sf.jmimemagic.MagicParser endElement
INFO: endElement(): not adding invalid matcher '%d'
[2023-05-30 18:39:58.827] May 30, 2023 6:39:58 PM net.sf.jmimemagic.MagicParser endElement
INFO: endElement(): not adding invalid matcher '%d x'
[2023-05-30 18:39:58.827] May 30, 2023 6:39:58 PM net.sf.jmimemagic.MagicParser endElement
INFO: endElement(): not adding invalid matcher '%d'
[2023-05-30 18:39:58.827] May 30, 2023 6:39:58 PM net.sf.jmimemagic.MagicParser endElement
INFO: endElement(): not adding invalid matcher '%d x'
[2023-05-30 18:39:58.828] May 30, 2023 6:39:58 PM net.sf.jmimemagic.MagicParser endElement
INFO: endElement(): not adding invalid matcher '%d x'
[2023-05-30 18:39:58.828] May 30, 2023 6:39:58 PM net.sf.jmimemagic.MagicParser endElement
INFO: endElement(): not adding invalid matcher '%d'
[2023-05-30 18:39:58.828] May 30, 2023 6:39:58 PM net.sf.jmimemagic.MagicParser endElement
INFO: endElement(): not adding invalid matcher '%d'
[2023-05-30 18:39:58.829] May 30, 2023 6:39:58 PM net.sf.jmimemagic.MagicParser endElement
INFO: endElement(): not adding invalid matcher 'v%d'
[2023-05-30 18:39:58.829] May 30, 2023 6:39:58 PM net.sf.jmimemagic.MagicParser endElement
INFO: endElement(): not adding invalid matcher '%s'
[2023-05-30 18:39:58.830] May 30, 2023 6:39:58 PM net.sf.jmimemagic.MagicParser endElement
INFO: endElement(): not adding invalid matcher '%s'
[2023-05-30 18:39:58.830] May 30, 2023 6:39:58 PM net.sf.jmimemagic.MagicParser endElement
INFO: endElement(): not adding invalid matcher 'version %c,'
[2023-05-30 18:39:58.831] May 30, 2023 6:39:58 PM net.sf.jmimemagic.MagicParser endElement
INFO: endElement(): not adding invalid matcher 'WordPerfect macro'
[2023-05-30 18:39:58.832] May 30, 2023 6:39:58 PM net.sf.jmimemagic.MagicParser endElement
INFO: endElement(): not adding invalid matcher 'WordPerfect help file'
[2023-05-30 18:39:58.832] May 30, 2023 6:39:58 PM net.sf.jmimemagic.MagicParser endElement
INFO: endElement(): not adding invalid matcher 'WordPerfect keyboard file'
[2023-05-30 18:39:58.832] May 30, 2023 6:39:58 PM net.sf.jmimemagic.MagicParser endElement
INFO: endElement(): not adding invalid matcher 'WordPerfect document'
[2023-05-30 18:39:58.832] May 30, 2023 6:39:58 PM net.sf.jmimemagic.MagicParser endElement
INFO: endElement(): not adding invalid matcher 'WordPerfect dictionary'
[2023-05-30 18:39:58.832] May 30, 2023 6:39:58 PM net.sf.jmimemagic.MagicParser endElement
INFO: endElement(): not adding invalid matcher 'WordPerfect thesaurus'
[2023-05-30 18:39:58.833] May 30, 2023 6:39:58 PM net.sf.jmimemagic.MagicParser endElement
INFO: endElement(): not adding invalid matcher 'WordPerfect block'
[2023-05-30 18:39:58.833] May 30, 2023 6:39:58 PM net.sf.jmimemagic.MagicParser endElement
INFO: endElement(): not adding invalid matcher 'WordPerfect rectangular block'
[2023-05-30 18:39:58.833] May 30, 2023 6:39:58 PM net.sf.jmimemagic.MagicParser endElement
INFO: endElement(): not adding invalid matcher 'WordPerfect column block'
[2023-05-30 18:39:58.833] May 30, 2023 6:39:58 PM net.sf.jmimemagic.MagicParser endElement
INFO: endElement(): not adding invalid matcher 'WordPerfect printer data'
[2023-05-30 18:39:58.834] May 30, 2023 6:39:58 PM net.sf.jmimemagic.MagicParser endElement
INFO: endElement(): not adding invalid matcher 'WordPerfect printer data'
[2023-05-30 18:39:58.834] May 30, 2023 6:39:58 PM net.sf.jmimemagic.MagicParser endElement
INFO: endElement(): not adding invalid matcher 'WordPerfect driver resource data'
[2023-05-30 18:39:58.834] May 30, 2023 6:39:58 PM net.sf.jmimemagic.MagicParser endElement
INFO: endElement(): not adding invalid matcher 'WordPerfect hyphenation code'
[2023-05-30 18:39:58.834] May 30, 2023 6:39:58 PM net.sf.jmimemagic.MagicParser endElement
INFO: endElement(): not adding invalid matcher 'WordPerfect hyphenation data'
[2023-05-30 18:39:58.834] May 30, 2023 6:39:58 PM net.sf.jmimemagic.MagicParser endElement
INFO: endElement(): not adding invalid matcher 'WordPerfect macro resource data'
[2023-05-30 18:39:58.834] May 30, 2023 6:39:58 PM net.sf.jmimemagic.MagicParser endElement
INFO: endElement(): not adding invalid matcher 'WordPerfect hyphenation lex'
[2023-05-30 18:39:58.835] May 30, 2023 6:39:58 PM net.sf.jmimemagic.MagicParser endElement
INFO: endElement(): not adding invalid matcher 'WordPerfect wordlist'
[2023-05-30 18:39:58.835] May 30, 2023 6:39:58 PM net.sf.jmimemagic.MagicParser endElement
INFO: endElement(): not adding invalid matcher 'WordPerfect equation resource data'
[2023-05-30 18:39:58.835] May 30, 2023 6:39:58 PM net.sf.jmimemagic.MagicParser endElement
INFO: endElement(): not adding invalid matcher 'WordPerfect spell rules'
[2023-05-30 18:39:58.835] May 30, 2023 6:39:58 PM net.sf.jmimemagic.MagicParser endElement
INFO: endElement(): not adding invalid matcher 'WordPerfect dictionary rules'
[2023-05-30 18:39:58.835] May 30, 2023 6:39:58 PM net.sf.jmimemagic.MagicParser endElement
INFO: endElement(): not adding invalid matcher 'WordPerfect spell rules (Microlytics)'
[2023-05-30 18:39:58.836] May 30, 2023 6:39:58 PM net.sf.jmimemagic.MagicParser endElement
INFO: endElement(): not adding invalid matcher 'WordPerfect settings file'
[2023-05-30 18:39:58.836] May 30, 2023 6:39:58 PM net.sf.jmimemagic.MagicParser endElement
INFO: endElement(): not adding invalid matcher 'WordPerfect 4.2 document'
[2023-05-30 18:39:58.836] May 30, 2023 6:39:58 PM net.sf.jmimemagic.MagicParser endElement
INFO: endElement(): not adding invalid matcher 'WordPerfect dialog file'
[2023-05-30 18:39:58.836] May 30, 2023 6:39:58 PM net.sf.jmimemagic.MagicParser endElement
INFO: endElement(): not adding invalid matcher 'WordPerfect button bar'
[2023-05-30 18:39:58.836] May 30, 2023 6:39:58 PM net.sf.jmimemagic.MagicParser endElement
INFO: endElement(): not adding invalid matcher 'Shell macro'
[2023-05-30 18:39:58.836] May 30, 2023 6:39:58 PM net.sf.jmimemagic.MagicParser endElement
INFO: endElement(): not adding invalid matcher 'Shell definition'
[2023-05-30 18:39:58.837] May 30, 2023 6:39:58 PM net.sf.jmimemagic.MagicParser endElement
INFO: endElement(): not adding invalid matcher 'Notebook macro'
[2023-05-30 18:39:58.837] May 30, 2023 6:39:58 PM net.sf.jmimemagic.MagicParser endElement
INFO: endElement(): not adding invalid matcher 'Notebook help file'
[2023-05-30 18:39:58.837] May 30, 2023 6:39:58 PM net.sf.jmimemagic.MagicParser endElement
INFO: endElement(): not adding invalid matcher 'Notebook keyboard file'
[2023-05-30 18:39:58.837] May 30, 2023 6:39:58 PM net.sf.jmimemagic.MagicParser endElement
INFO: endElement(): not adding invalid matcher 'Notebook definition'
[2023-05-30 18:39:58.837] May 30, 2023 6:39:58 PM net.sf.jmimemagic.MagicParser endElement
INFO: endElement(): not adding invalid matcher 'Calculator help file'
[2023-05-30 18:39:58.837] May 30, 2023 6:39:58 PM net.sf.jmimemagic.MagicParser endElement
INFO: endElement(): not adding invalid matcher 'Calendar help file'
[2023-05-30 18:39:58.838] May 30, 2023 6:39:58 PM net.sf.jmimemagic.MagicParser endElement
INFO: endElement(): not adding invalid matcher 'Calendar data file'
[2023-05-30 18:39:58.838] May 30, 2023 6:39:58 PM net.sf.jmimemagic.MagicParser endElement
INFO: endElement(): not adding invalid matcher 'Editor macro'
[2023-05-30 18:39:58.838] May 30, 2023 6:39:58 PM net.sf.jmimemagic.MagicParser endElement
INFO: endElement(): not adding invalid matcher 'Editor help file'
[2023-05-30 18:39:58.838] May 30, 2023 6:39:58 PM net.sf.jmimemagic.MagicParser endElement
INFO: endElement(): not adding invalid matcher 'Editor keyboard file'
[2023-05-30 18:39:58.838] May 30, 2023 6:39:58 PM net.sf.jmimemagic.MagicParser endElement
INFO: endElement(): not adding invalid matcher 'Editor macro resource file'
[2023-05-30 18:39:58.839] May 30, 2023 6:39:58 PM net.sf.jmimemagic.MagicParser endElement
INFO: endElement(): not adding invalid matcher 'Macro editor macro'
[2023-05-30 18:39:58.839] May 30, 2023 6:39:58 PM net.sf.jmimemagic.MagicParser endElement
INFO: endElement(): not adding invalid matcher 'Macro editor help file'
[2023-05-30 18:39:58.839] May 30, 2023 6:39:58 PM net.sf.jmimemagic.MagicParser endElement
INFO: endElement(): not adding invalid matcher 'Macro editor keyboard file'
[2023-05-30 18:39:58.839] May 30, 2023 6:39:58 PM net.sf.jmimemagic.MagicParser endElement
INFO: endElement(): not adding invalid matcher 'PlanPerfect macro'
[2023-05-30 18:39:58.839] May 30, 2023 6:39:58 PM net.sf.jmimemagic.MagicParser endElement
INFO: endElement(): not adding invalid matcher 'PlanPerfect help file'
[2023-05-30 18:39:58.839] May 30, 2023 6:39:58 PM net.sf.jmimemagic.MagicParser endElement
INFO: endElement(): not adding invalid matcher 'PlanPerfect keyboard file'
[2023-05-30 18:39:58.840] May 30, 2023 6:39:58 PM net.sf.jmimemagic.MagicParser endElement
INFO: endElement(): not adding invalid matcher 'PlanPerfect worksheet'
[2023-05-30 18:39:58.840] May 30, 2023 6:39:58 PM net.sf.jmimemagic.MagicParser endElement
INFO: endElement(): not adding invalid matcher 'PlanPerfect printer definition'
[2023-05-30 18:39:58.840] May 30, 2023 6:39:58 PM net.sf.jmimemagic.MagicParser endElement
INFO: endElement(): not adding invalid matcher 'PlanPerfect graphic definition'
[2023-05-30 18:39:58.840] May 30, 2023 6:39:58 PM net.sf.jmimemagic.MagicParser endElement
INFO: endElement(): not adding invalid matcher 'PlanPerfect data'
[2023-05-30 18:39:58.841] May 30, 2023 6:39:58 PM net.sf.jmimemagic.MagicParser endElement
INFO: endElement(): not adding invalid matcher 'PlanPerfect temporary printer'
[2023-05-30 18:39:58.841] May 30, 2023 6:39:58 PM net.sf.jmimemagic.MagicParser endElement
INFO: endElement(): not adding invalid matcher 'PlanPerfect macro resource data'
[2023-05-30 18:39:58.841] May 30, 2023 6:39:58 PM net.sf.jmimemagic.MagicParser endElement
INFO: endElement(): not adding invalid matcher 'help file'
[2023-05-30 18:39:58.841] May 30, 2023 6:39:58 PM net.sf.jmimemagic.MagicParser endElement
INFO: endElement(): not adding invalid matcher 'distribution list'
[2023-05-30 18:39:58.842] May 30, 2023 6:39:58 PM net.sf.jmimemagic.MagicParser endElement
INFO: endElement(): not adding invalid matcher 'out box'
[2023-05-30 18:39:58.842] May 30, 2023 6:39:58 PM net.sf.jmimemagic.MagicParser endElement
INFO: endElement(): not adding invalid matcher 'in box'
[2023-05-30 18:39:58.842] May 30, 2023 6:39:58 PM net.sf.jmimemagic.MagicParser endElement
INFO: endElement(): not adding invalid matcher 'users archived mailbox'
[2023-05-30 18:39:58.842] May 30, 2023 6:39:58 PM net.sf.jmimemagic.MagicParser endElement
INFO: endElement(): not adding invalid matcher 'archived message database'
[2023-05-30 18:39:58.843] May 30, 2023 6:39:58 PM net.sf.jmimemagic.MagicParser endElement
INFO: endElement(): not adding invalid matcher 'archived attachments'
[2023-05-30 18:39:58.843] May 30, 2023 6:39:58 PM net.sf.jmimemagic.MagicParser endElement
INFO: endElement(): not adding invalid matcher 'Printer temporary file'
[2023-05-30 18:39:58.843] May 30, 2023 6:39:58 PM net.sf.jmimemagic.MagicParser endElement
INFO: endElement(): not adding invalid matcher 'Scheduler help file'
[2023-05-30 18:39:58.843] May 30, 2023 6:39:58 PM net.sf.jmimemagic.MagicParser endElement
INFO: endElement(): not adding invalid matcher 'Scheduler in file'
[2023-05-30 18:39:58.844] May 30, 2023 6:39:58 PM net.sf.jmimemagic.MagicParser endElement
INFO: endElement(): not adding invalid matcher 'Scheduler out file'
[2023-05-30 18:39:58.844] May 30, 2023 6:39:58 PM net.sf.jmimemagic.MagicParser endElement
INFO: endElement(): not adding invalid matcher 'GroupWise settings file'
[2023-05-30 18:39:58.844] May 30, 2023 6:39:58 PM net.sf.jmimemagic.MagicParser endElement
INFO: endElement(): not adding invalid matcher 'GroupWise directory services'
[2023-05-30 18:39:58.844] May 30, 2023 6:39:58 PM net.sf.jmimemagic.MagicParser endElement
INFO: endElement(): not adding invalid matcher 'GroupWise settings file'
[2023-05-30 18:39:58.845] May 30, 2023 6:39:58 PM net.sf.jmimemagic.MagicParser endElement
INFO: endElement(): not adding invalid matcher 'Terminal resource data'
[2023-05-30 18:39:58.845] May 30, 2023 6:39:58 PM net.sf.jmimemagic.MagicParser endElement
INFO: endElement(): not adding invalid matcher 'Terminal resource data'
[2023-05-30 18:39:58.845] May 30, 2023 6:39:58 PM net.sf.jmimemagic.MagicParser endElement
INFO: endElement(): not adding invalid matcher 'Terminal resource data'
[2023-05-30 18:39:58.846] May 30, 2023 6:39:58 PM net.sf.jmimemagic.MagicParser endElement
INFO: endElement(): not adding invalid matcher 'GUI loadable text'
[2023-05-30 18:39:58.846] May 30, 2023 6:39:58 PM net.sf.jmimemagic.MagicParser endElement
INFO: endElement(): not adding invalid matcher 'graphics resource data'
[2023-05-30 18:39:58.846] May 30, 2023 6:39:58 PM net.sf.jmimemagic.MagicParser endElement
INFO: endElement(): not adding invalid matcher 'printer settings file'
[2023-05-30 18:39:58.846] May 30, 2023 6:39:58 PM net.sf.jmimemagic.MagicParser endElement
INFO: endElement(): not adding invalid matcher 'port definition file'
[2023-05-30 18:39:58.846] May 30, 2023 6:39:58 PM net.sf.jmimemagic.MagicParser endElement
INFO: endElement(): not adding invalid matcher 'print queue parameters'
[2023-05-30 18:39:58.846] May 30, 2023 6:39:58 PM net.sf.jmimemagic.MagicParser endElement
INFO: endElement(): not adding invalid matcher 'compressed file'
[2023-05-30 18:39:58.847] May 30, 2023 6:39:58 PM net.sf.jmimemagic.MagicParser endElement
INFO: endElement(): not adding invalid matcher 'Network service msg file'
[2023-05-30 18:39:58.847] May 30, 2023 6:39:58 PM net.sf.jmimemagic.MagicParser endElement
INFO: endElement(): not adding invalid matcher 'Network service msg file'
[2023-05-30 18:39:58.847] May 30, 2023 6:39:58 PM net.sf.jmimemagic.MagicParser endElement
INFO: endElement(): not adding invalid matcher 'Async gateway login msg'
[2023-05-30 18:39:58.847] May 30, 2023 6:39:58 PM net.sf.jmimemagic.MagicParser endElement
INFO: endElement(): not adding invalid matcher 'GroupWise message file'
[2023-05-30 18:39:58.847] May 30, 2023 6:39:58 PM net.sf.jmimemagic.MagicParser endElement
INFO: endElement(): not adding invalid matcher 'GroupWise admin domain database'
[2023-05-30 18:39:58.847] May 30, 2023 6:39:58 PM net.sf.jmimemagic.MagicParser endElement
INFO: endElement(): not adding invalid matcher 'GroupWise admin host database'
[2023-05-30 18:39:58.848] May 30, 2023 6:39:58 PM net.sf.jmimemagic.MagicParser endElement
INFO: endElement(): not adding invalid matcher 'GroupWise admin remote host database'
[2023-05-30 18:39:58.848] May 30, 2023 6:39:58 PM net.sf.jmimemagic.MagicParser endElement
INFO: endElement(): not adding invalid matcher 'GroupWise admin ADS deferment data file'
[2023-05-30 18:39:58.848] May 30, 2023 6:39:58 PM net.sf.jmimemagic.MagicParser endElement
INFO: endElement(): not adding invalid matcher 'IntelliTAG (SGML) compiled DTD'
[2023-05-30 18:39:58.848] May 30, 2023 6:39:58 PM net.sf.jmimemagic.MagicParser endElement
INFO: endElement(): not adding invalid matcher 'WordPerfect graphic image (1.0)'
[2023-05-30 18:39:58.848] May 30, 2023 6:39:58 PM net.sf.jmimemagic.MagicParser endElement
INFO: endElement(): not adding invalid matcher 'WordPerfect graphic image (2.0)'
[2023-05-30 18:39:58.927] [2023-05-30 18:39:58.927]  [2023-05-30 18:39:58.927] log4j:ERROR A "org.apache.log4j.RollingFileAppender" object is not assignable to a "org.apache.log4j.Appender" variable.
[2023-05-30 18:39:58.927] [2023-05-30 18:39:58.927]  [2023-05-30 18:39:58.927] log4j:ERROR The class "org.apache.log4j.Appender" was loaded by 
[2023-05-30 18:39:58.927] [2023-05-30 18:39:58.927]  [2023-05-30 18:39:58.927] log4j:ERROR [java.net.URLClassLoader@59f06316] whereas object of type 
[2023-05-30 18:39:58.927] [2023-05-30 18:39:58.927]  [2023-05-30 18:39:58.928] log4j:ERROR "org.apache.log4j.RollingFileAppender" was loaded by [WebAppClassLoader{850618025}@32b366a9].
[2023-05-30 18:39:58.928] [2023-05-30 18:39:58.928]  [2023-05-30 18:39:58.928] log4j:ERROR Could not instantiate appender named "file".
[2023-05-30 18:39:58.928] [2023-05-30 18:39:58.928]  [2023-05-30 18:39:58.928] log4j:ERROR A "org.apache.log4j.RollingFileAppender" object is not assignable to a "org.apache.log4j.Appender" variable.
[2023-05-30 18:39:58.928] [2023-05-30 18:39:58.928]  [2023-05-30 18:39:58.928] log4j:ERROR The class "org.apache.log4j.Appender" was loaded by 
[2023-05-30 18:39:58.928] [2023-05-30 18:39:58.928]  [2023-05-30 18:39:58.928] log4j:ERROR [java.net.URLClassLoader@59f06316] whereas object of type 
[2023-05-30 18:39:58.928] [2023-05-30 18:39:58.928]  [2023-05-30 18:39:58.928] log4j:ERROR "org.apache.log4j.RollingFileAppender" was loaded by [WebAppClassLoader{850618025}@32b366a9].
[2023-05-30 18:39:58.928] [2023-05-30 18:39:58.928]  [2023-05-30 18:39:58.928] log4j:ERROR Could not instantiate appender named "file".
[2023-05-30 18:39:58.928] [2023-05-30 18:39:58.928]  [2023-05-30 18:39:58.928] log4j:ERROR A "org.apache.log4j.RollingFileAppender" object is not assignable to a "org.apache.log4j.Appender" variable.
[2023-05-30 18:39:58.928] [2023-05-30 18:39:58.928]  [2023-05-30 18:39:58.928] log4j:ERROR The class "org.apache.log4j.Appender" was loaded by 
[2023-05-30 18:39:58.928] [2023-05-30 18:39:58.928]  [2023-05-30 18:39:58.928] log4j:ERROR [java.net.URLClassLoader@59f06316] whereas object of type 
[2023-05-30 18:39:58.928] [2023-05-30 18:39:58.928]  [2023-05-30 18:39:58.928] log4j:ERROR "org.apache.log4j.RollingFileAppender" was loaded by [WebAppClassLoader{850618025}@32b366a9].
[2023-05-30 18:39:58.928] [2023-05-30 18:39:58.928]  [2023-05-30 18:39:58.928] log4j:ERROR Could not instantiate appender named "file".
[2023-05-30 18:39:58.929] [2023-05-30 18:39:58.929]  [2023-05-30 18:39:58.929] log4j:ERROR A "org.apache.log4j.RollingFileAppender" object is not assignable to a "org.apache.log4j.Appender" variable.
[2023-05-30 18:39:58.929] [2023-05-30 18:39:58.929]  [2023-05-30 18:39:58.929] log4j:ERROR The class "org.apache.log4j.Appender" was loaded by 
[2023-05-30 18:39:58.929] [2023-05-30 18:39:58.929]  [2023-05-30 18:39:58.929] log4j:ERROR [java.net.URLClassLoader@59f06316] whereas object of type 
[2023-05-30 18:39:58.929] [2023-05-30 18:39:58.929]  [2023-05-30 18:39:58.929] log4j:ERROR "org.apache.log4j.RollingFileAppender" was loaded by [WebAppClassLoader{850618025}@32b366a9].
[2023-05-30 18:39:58.929] [2023-05-30 18:39:58.929]  [2023-05-30 18:39:58.929] log4j:ERROR Could not instantiate appender named "file".
[2023-05-30 18:39:58.929] [2023-05-30 18:39:58.929]  [2023-05-30 18:39:58.929] log4j:ERROR A "org.apache.log4j.RollingFileAppender" object is not assignable to a "org.apache.log4j.Appender" variable.
[2023-05-30 18:39:58.929] [2023-05-30 18:39:58.929]  [2023-05-30 18:39:58.929] log4j:ERROR The class "org.apache.log4j.Appender" was loaded by 
[2023-05-30 18:39:58.929] [2023-05-30 18:39:58.929]  [2023-05-30 18:39:58.929] log4j:ERROR [java.net.URLClassLoader@59f06316] whereas object of type 
[2023-05-30 18:39:58.929] [2023-05-30 18:39:58.929]  [2023-05-30 18:39:58.929] log4j:ERROR "org.apache.log4j.RollingFileAppender" was loaded by [WebAppClassLoader{850618025}@32b366a9].
[2023-05-30 18:39:58.929] [2023-05-30 18:39:58.929]  [2023-05-30 18:39:58.929] log4j:ERROR Could not instantiate appender named "file".
[2023-05-30 18:39:58.929] [2023-05-30 18:39:58.929]  [2023-05-30 18:39:58.929] log4j:ERROR A "org.apache.log4j.RollingFileAppender" object is not assignable to a "org.apache.log4j.Appender" variable.
[2023-05-30 18:39:58.929] [2023-05-30 18:39:58.929]  [2023-05-30 18:39:58.929] log4j:ERROR The class "org.apache.log4j.Appender" was loaded by 
[2023-05-30 18:39:58.929] [2023-05-30 18:39:58.929]  [2023-05-30 18:39:58.929] log4j:ERROR [java.net.URLClassLoader@59f06316] whereas object of type 
[2023-05-30 18:39:58.929] [2023-05-30 18:39:58.929]  [2023-05-30 18:39:58.929] log4j:ERROR "org.apache.log4j.RollingFileAppender" was loaded by [WebAppClassLoader{850618025}@32b366a9].
[2023-05-30 18:39:58.929] [2023-05-30 18:39:58.929]  [2023-05-30 18:39:58.929] log4j:ERROR Could not instantiate appender named "file".
[2023-05-30 18:39:58.934] [2023-05-30 18:39:58.934]  [2023-05-30 18:39:58.934] log4j:ERROR A "org.apache.log4j.RollingFileAppender" object is not assignable to a "org.apache.log4j.Appender" variable.
[2023-05-30 18:39:58.934] [2023-05-30 18:39:58.934]  [2023-05-30 18:39:58.934] log4j:ERROR The class "org.apache.log4j.Appender" was loaded by 
[2023-05-30 18:39:58.934] [2023-05-30 18:39:58.934]  [2023-05-30 18:39:58.934] log4j:ERROR [java.net.URLClassLoader@59f06316] whereas object of type 
[2023-05-30 18:39:58.934] [2023-05-30 18:39:58.934]  [2023-05-30 18:39:58.934] log4j:ERROR "org.apache.log4j.RollingFileAppender" was loaded by [WebAppClassLoader{850618025}@32b366a9].
[2023-05-30 18:39:58.934] [2023-05-30 18:39:58.934]  [2023-05-30 18:39:58.934] log4j:ERROR Could not instantiate appender named "file".
[2023-05-30 18:39:58.934] [2023-05-30 18:39:58.934]  [2023-05-30 18:39:58.934] log4j:ERROR A "org.apache.log4j.RollingFileAppender" object is not assignable to a "org.apache.log4j.Appender" variable.
[2023-05-30 18:39:58.934] [2023-05-30 18:39:58.934]  [2023-05-30 18:39:58.934] log4j:ERROR The class "org.apache.log4j.Appender" was loaded by 
[2023-05-30 18:39:58.934] [2023-05-30 18:39:58.934]  [2023-05-30 18:39:58.934] log4j:ERROR [java.net.URLClassLoader@59f06316] whereas object of type 
[2023-05-30 18:39:58.934] [2023-05-30 18:39:58.934]  [2023-05-30 18:39:58.934] log4j:ERROR "org.apache.log4j.RollingFileAppender" was loaded by [WebAppClassLoader{850618025}@32b366a9].
[2023-05-30 18:39:58.934] [2023-05-30 18:39:58.934]  [2023-05-30 18:39:58.934] log4j:ERROR Could not instantiate appender named "file".
[2023-05-30 18:39:58.934] [2023-05-30 18:39:58.934]  [2023-05-30 18:39:58.934] log4j:ERROR A "org.apache.log4j.RollingFileAppender" object is not assignable to a "org.apache.log4j.Appender" variable.
[2023-05-30 18:39:58.934] [2023-05-30 18:39:58.934]  [2023-05-30 18:39:58.934] log4j:ERROR The class "org.apache.log4j.Appender" was loaded by 
[2023-05-30 18:39:58.934] [2023-05-30 18:39:58.934]  [2023-05-30 18:39:58.934] log4j:ERROR [java.net.URLClassLoader@59f06316] whereas object of type 
[2023-05-30 18:39:58.934] [2023-05-30 18:39:58.934]  [2023-05-30 18:39:58.934] log4j:ERROR "org.apache.log4j.RollingFileAppender" was loaded by [WebAppClassLoader{850618025}@32b366a9].
[2023-05-30 18:39:58.934] [2023-05-30 18:39:58.934]  [2023-05-30 18:39:58.934] log4j:ERROR Could not instantiate appender named "file".
[2023-05-30 18:39:58.959] [2023-05-30 18:39:58.959]  [2023-05-30 18:39:58.959] log4j:ERROR A "org.apache.log4j.RollingFileAppender" object is not assignable to a "org.apache.log4j.Appender" variable.
[2023-05-30 18:39:58.959] [2023-05-30 18:39:58.959]  [2023-05-30 18:39:58.959] log4j:ERROR The class "org.apache.log4j.Appender" was loaded by 
[2023-05-30 18:39:58.959] [2023-05-30 18:39:58.959]  [2023-05-30 18:39:58.959] log4j:ERROR [java.net.URLClassLoader@59f06316] whereas object of type 
[2023-05-30 18:39:58.959] [2023-05-30 18:39:58.959]  [2023-05-30 18:39:58.959] log4j:ERROR "org.apache.log4j.RollingFileAppender" was loaded by [WebAppClassLoader{850618025}@32b366a9].
[2023-05-30 18:39:58.959] [2023-05-30 18:39:58.959]  [2023-05-30 18:39:58.959] log4j:ERROR Could not instantiate appender named "file".
[2023-05-30 18:39:58.959] [2023-05-30 18:39:58.959]  [2023-05-30 18:39:58.959] log4j:ERROR A "org.apache.log4j.RollingFileAppender" object is not assignable to a "org.apache.log4j.Appender" variable.
[2023-05-30 18:39:58.959] [2023-05-30 18:39:58.959]  [2023-05-30 18:39:58.959] log4j:ERROR The class "org.apache.log4j.Appender" was loaded by 
[2023-05-30 18:39:58.959] [2023-05-30 18:39:58.959]  [2023-05-30 18:39:58.959] log4j:ERROR [java.net.URLClassLoader@59f06316] whereas object of type 
[2023-05-30 18:39:58.959] [2023-05-30 18:39:58.959]  [2023-05-30 18:39:58.959] log4j:ERROR "org.apache.log4j.RollingFileAppender" was loaded by [WebAppClassLoader{850618025}@32b366a9].
[2023-05-30 18:39:58.959] [2023-05-30 18:39:58.959]  [2023-05-30 18:39:58.959] log4j:ERROR Could not instantiate appender named "file".
[2023-05-30 18:39:58.960] [2023-05-30 18:39:58.960]  [2023-05-30 18:39:58.960] log4j:ERROR A "org.apache.log4j.RollingFileAppender" object is not assignable to a "org.apache.log4j.Appender" variable.
[2023-05-30 18:39:58.960] [2023-05-30 18:39:58.960]  [2023-05-30 18:39:58.960] log4j:ERROR The class "org.apache.log4j.Appender" was loaded by 
[2023-05-30 18:39:58.960] [2023-05-30 18:39:58.960]  [2023-05-30 18:39:58.960] log4j:ERROR [java.net.URLClassLoader@59f06316] whereas object of type 
[2023-05-30 18:39:58.960] [2023-05-30 18:39:58.960]  [2023-05-30 18:39:58.960] log4j:ERROR "org.apache.log4j.RollingFileAppender" was loaded by [WebAppClassLoader{850618025}@32b366a9].
[2023-05-30 18:39:58.960] [2023-05-30 18:39:58.960]  [2023-05-30 18:39:58.960] log4j:ERROR Could not instantiate appender named "file".
